<?xml version="1.0" encoding="UTF-8"?>
<coverage generated="1521027815">
  <project timestamp="1521027815">
    <package name="Pgs\HashIdBundle\Annotation">
      <file name="/var/www/symfony/vendor/pgs-soft/hashid-bundle/src/Annotation/Hash.php">
        <class name="Pgs\HashIdBundle\Annotation\Hash" namespace="Pgs\HashIdBundle\Annotation">
          <metrics complexity="4" methods="2" coveredmethods="2" conditionals="0" coveredconditionals="0" statements="4" coveredstatements="4" elements="6" coveredelements="6"/>
        </class>
        <line num="17" type="method" name="__construct" visibility="public" complexity="3" crap="3" count="5"/>
        <line num="19" type="stmt" count="5"/>
        <line num="20" type="stmt" count="2"/>
        <line num="23" type="stmt" count="5"/>
        <line num="26" type="method" name="getParameters" visibility="public" complexity="1" crap="1" count="5"/>
        <line num="28" type="stmt" count="5"/>
        <metrics loc="30" ncloc="25" classes="1" methods="2" coveredmethods="2" conditionals="0" coveredconditionals="0" statements="4" coveredstatements="4" elements="6" coveredelements="6"/>
      </file>
    </package>
    <package name="Pgs\HashIdBundle\AnnotationProvider">
      <file name="/var/www/symfony/vendor/pgs-soft/hashid-bundle/src/AnnotationProvider/AnnotationProvider.php">
        <class name="Pgs\HashIdBundle\AnnotationProvider\AnnotationProvider" namespace="Pgs\HashIdBundle\AnnotationProvider">
          <metrics complexity="5" methods="3" coveredmethods="3" conditionals="0" coveredconditionals="0" statements="11" coveredstatements="11" elements="14" coveredelements="14"/>
        </class>
        <line num="20" type="method" name="__construct" visibility="public" complexity="1" crap="1" count="5"/>
        <line num="22" type="stmt" count="5"/>
        <line num="23" type="stmt" count="5"/>
        <line num="26" type="method" name="getFromString" visibility="public" complexity="2" crap="2" count="3"/>
        <line num="28" type="stmt" count="3"/>
        <line num="29" type="stmt" count="3"/>
        <line num="30" type="stmt" count="1"/>
        <line num="32" type="stmt" count="2"/>
        <line num="34" type="stmt" count="2"/>
        <line num="37" type="method" name="getFromObject" visibility="public" complexity="2" crap="2" count="2"/>
        <line num="39" type="stmt" count="2"/>
        <line num="40" type="stmt" count="1"/>
        <line num="42" type="stmt" count="1"/>
        <line num="43" type="stmt" count="1"/>
        <metrics loc="44" ncloc="41" classes="1" methods="3" coveredmethods="3" conditionals="0" coveredconditionals="0" statements="11" coveredstatements="11" elements="14" coveredelements="14"/>
      </file>
    </package>
    <file name="/var/www/symfony/vendor/pgs-soft/hashid-bundle/src/AnnotationProvider/AnnotationProviderInterface.php">
      <metrics loc="11" ncloc="11" classes="0" methods="0" coveredmethods="0" conditionals="0" coveredconditionals="0" statements="0" coveredstatements="0" elements="0" coveredelements="0"/>
    </file>
    <package name="Pgs\HashIdBundle\Decorator">
      <file name="/var/www/symfony/vendor/pgs-soft/hashid-bundle/src/Decorator/RouterDecorator.php">
        <class name="Pgs\HashIdBundle\Decorator\RouterDecorator" namespace="Pgs\HashIdBundle\Decorator">
          <metrics complexity="11" methods="4" coveredmethods="4" conditionals="0" coveredconditionals="0" statements="10" coveredstatements="10" elements="14" coveredelements="14"/>
        </class>
        <line num="19" type="method" name="__construct" visibility="public" complexity="1" crap="1" count="1"/>
        <line num="21" type="stmt" count="1"/>
        <line num="22" type="stmt" count="1"/>
        <line num="25" type="method" name="getRouter" visibility="public" complexity="1" crap="1" count="1"/>
        <line num="27" type="stmt" count="1"/>
        <line num="30" type="method" name="generate" visibility="public" complexity="1" crap="1" count="1"/>
        <line num="32" type="stmt" count="1"/>
        <line num="33" type="stmt" count="1"/>
        <line num="35" type="stmt" count="1"/>
        <line num="38" type="method" name="processParameters" visibility="private" complexity="4" crap="4" count="1"/>
        <line num="40" type="stmt" count="1"/>
        <line num="41" type="stmt" count="1"/>
        <line num="42" type="stmt" count="1"/>
        <line num="43" type="stmt" count="1"/>
        <metrics loc="80" ncloc="68" classes="1" methods="4" coveredmethods="4" conditionals="0" coveredconditionals="0" statements="10" coveredstatements="10" elements="14" coveredelements="14"/>
      </file>
    </package>
    <package name="Pgs\HashIdBundle\DependencyInjection\Compiler">
      <file name="/var/www/symfony/vendor/pgs-soft/hashid-bundle/src/DependencyInjection/Compiler/EventSubscriberCompilerPass.php">
        <class name="Pgs\HashIdBundle\DependencyInjection\Compiler\EventSubscriberCompilerPass" namespace="Pgs\HashIdBundle\DependencyInjection\Compiler">
          <metrics complexity="2" methods="1" coveredmethods="1" conditionals="0" coveredconditionals="0" statements="5" coveredstatements="5" elements="6" coveredelements="6"/>
        </class>
        <line num="13" type="method" name="process" visibility="public" complexity="2" crap="2" count="2"/>
        <line num="15" type="stmt" count="2"/>
        <line num="16" type="stmt" count="1"/>
        <line num="17" type="stmt" count="1"/>
        <line num="19" type="stmt" count="1"/>
        <line num="20" type="stmt" count="1"/>
        <metrics loc="22" ncloc="22" classes="1" methods="1" coveredmethods="1" conditionals="0" coveredconditionals="0" statements="5" coveredstatements="5" elements="6" coveredelements="6"/>
      </file>
    </package>
    <package name="Pgs\HashIdBundle\DependencyInjection">
      <file name="/var/www/symfony/vendor/pgs-soft/hashid-bundle/src/DependencyInjection/Configuration.php">
        <class name="Pgs\HashIdBundle\DependencyInjection\Configuration" namespace="Pgs\HashIdBundle\DependencyInjection">
          <metrics complexity="1" methods="1" coveredmethods="1" conditionals="0" coveredconditionals="0" statements="8" coveredstatements="8" elements="9" coveredelements="9"/>
        </class>
        <line num="19" type="method" name="getConfigTreeBuilder" visibility="public" complexity="1" crap="1" count="6"/>
        <line num="21" type="stmt" count="6"/>
        <line num="22" type="stmt" count="6"/>
        <line num="24" type="stmt" count="6"/>
        <line num="25" type="stmt" count="6"/>
        <line num="26" type="stmt" count="6"/>
        <line num="27" type="stmt" count="6"/>
        <line num="28" type="stmt" count="6"/>
        <line num="30" type="stmt" count="6"/>
        <metrics loc="31" ncloc="31" classes="1" methods="1" coveredmethods="1" conditionals="0" coveredconditionals="0" statements="8" coveredstatements="8" elements="9" coveredelements="9"/>
      </file>
      <file name="/var/www/symfony/vendor/pgs-soft/hashid-bundle/src/DependencyInjection/PgsHashIdExtension.php">
        <class name="Pgs\HashIdBundle\DependencyInjection\PgsHashIdExtension" namespace="Pgs\HashIdBundle\DependencyInjection">
          <metrics complexity="2" methods="2" coveredmethods="2" conditionals="0" coveredconditionals="0" statements="11" coveredstatements="11" elements="13" coveredelements="13"/>
        </class>
        <line num="16" type="method" name="load" visibility="public" complexity="1" crap="1" count="2"/>
        <line num="18" type="stmt" count="2"/>
        <line num="19" type="stmt" count="2"/>
        <line num="20" type="stmt" count="2"/>
        <line num="22" type="stmt" count="2"/>
        <line num="24" type="stmt" count="2"/>
        <line num="25" type="stmt" count="2"/>
        <line num="26" type="stmt" count="2"/>
        <line num="27" type="stmt" count="2"/>
        <line num="28" type="stmt" count="2"/>
        <line num="30" type="stmt" count="2"/>
        <line num="33" type="method" name="registerAnnotation" visibility="private" complexity="1" crap="1" count="2"/>
        <line num="35" type="stmt" count="2"/>
        <metrics loc="38" ncloc="38" classes="1" methods="2" coveredmethods="2" conditionals="0" coveredconditionals="0" statements="11" coveredstatements="11" elements="13" coveredelements="13"/>
      </file>
    </package>
    <package name="Pgs\HashIdBundle\EventSubscriber">
      <file name="/var/www/symfony/vendor/pgs-soft/hashid-bundle/src/EventSubscriber/DecodeControllerParametersSubscriber.php">
        <class name="Pgs\HashIdBundle\EventSubscriber\DecodeControllerParametersSubscriber" namespace="Pgs\HashIdBundle\EventSubscriber">
          <metrics complexity="4" methods="4" coveredmethods="4" conditionals="0" coveredconditionals="0" statements="4" coveredstatements="4" elements="8" coveredelements="8"/>
        </class>
        <line num="16" type="method" name="__construct" visibility="public" complexity="1" crap="1" count="1"/>
        <line num="18" type="stmt" count="1"/>
        <line num="21" type="method" name="onKernelController" visibility="public" complexity="1" crap="1" count="1"/>
        <line num="23" type="stmt" count="1"/>
        <line num="26" type="method" name="getSubscribedEvents" visibility="public" complexity="1" crap="1" count="2"/>
        <line num="29" type="stmt" count="2"/>
        <line num="33" type="method" name="getDecodeControllerParameters" visibility="public" complexity="1" crap="1" count="1"/>
        <line num="35" type="stmt" count="1"/>
        <metrics loc="36" ncloc="36" classes="1" methods="4" coveredmethods="4" conditionals="0" coveredconditionals="0" statements="4" coveredstatements="4" elements="8" coveredelements="8"/>
      </file>
    </package>
    <file name="/var/www/symfony/vendor/pgs-soft/hashid-bundle/src/Exception/Exception.php">
      <metrics loc="8" ncloc="8" classes="0" methods="0" coveredmethods="0" conditionals="0" coveredconditionals="0" statements="0" coveredstatements="0" elements="0" coveredelements="0"/>
    </file>
    <package name="Pgs\HashIdBundle\Exception">
      <file name="/var/www/symfony/vendor/pgs-soft/hashid-bundle/src/Exception/InvalidControllerException.php">
        <class name="Pgs\HashIdBundle\Exception\InvalidControllerException" namespace="Pgs\HashIdBundle\Exception">
          <metrics complexity="0" methods="0" coveredmethods="0" conditionals="0" coveredconditionals="0" statements="0" coveredstatements="0" elements="0" coveredelements="0"/>
        </class>
        <metrics loc="9" ncloc="9" classes="0" methods="0" coveredmethods="0" conditionals="0" coveredconditionals="0" statements="0" coveredstatements="0" elements="0" coveredelements="0"/>
      </file>
      <file name="/var/www/symfony/vendor/pgs-soft/hashid-bundle/src/Exception/MissingClassOrMethodException.php">
        <class name="Pgs\HashIdBundle\Exception\MissingClassOrMethodException" namespace="Pgs\HashIdBundle\Exception">
          <metrics complexity="0" methods="0" coveredmethods="0" conditionals="0" coveredconditionals="0" statements="0" coveredstatements="0" elements="0" coveredelements="0"/>
        </class>
        <metrics loc="8" ncloc="8" classes="0" methods="0" coveredmethods="0" conditionals="0" coveredconditionals="0" statements="0" coveredstatements="0" elements="0" coveredelements="0"/>
      </file>
      <file name="/var/www/symfony/vendor/pgs-soft/hashid-bundle/src/Exception/MissingDependencyException.php">
        <class name="Pgs\HashIdBundle\Exception\MissingDependencyException" namespace="Pgs\HashIdBundle\Exception">
          <metrics complexity="0" methods="0" coveredmethods="0" conditionals="0" coveredconditionals="0" statements="0" coveredstatements="0" elements="0" coveredelements="0"/>
        </class>
        <metrics loc="9" ncloc="9" classes="0" methods="0" coveredmethods="0" conditionals="0" coveredconditionals="0" statements="0" coveredstatements="0" elements="0" coveredelements="0"/>
      </file>
    </package>
    <package name="Pgs\HashIdBundle\ParametersProcessor">
      <file name="/var/www/symfony/vendor/pgs-soft/hashid-bundle/src/ParametersProcessor/AbstractParametersProcessor.php">
        <class name="Pgs\HashIdBundle\ParametersProcessor\AbstractParametersProcessor" namespace="Pgs\HashIdBundle\ParametersProcessor">
          <metrics complexity="9" methods="6" coveredmethods="6" conditionals="0" coveredconditionals="0" statements="11" coveredstatements="11" elements="17" coveredelements="17"/>
        </class>
        <line num="18" type="method" name="__construct" visibility="public" complexity="1" crap="1" count="8"/>
        <line num="20" type="stmt" count="8"/>
        <line num="21" type="stmt" count="8"/>
        <line num="24" type="method" name="setParametersToProcess" visibility="public" complexity="1" crap="1" count="2"/>
        <line num="26" type="stmt" count="2"/>
        <line num="27" type="stmt" count="2"/>
        <line num="30" type="method" name="getParametersToProcess" visibility="public" complexity="1" crap="1" count="8"/>
        <line num="32" type="stmt" count="8"/>
        <line num="35" type="method" name="getHashIds" visibility="public" complexity="1" crap="1" count="3"/>
        <line num="37" type="stmt" count="3"/>
        <line num="40" type="method" name="process" visibility="public" complexity="3" crap="3" count="7"/>
        <line num="42" type="stmt" count="7"/>
        <line num="43" type="stmt" count="5"/>
        <line num="44" type="stmt" count="5"/>
        <line num="48" type="stmt" count="7"/>
        <line num="51" type="method" name="needToProcess" visibility="public" complexity="1" crap="1" count="4"/>
        <line num="53" type="stmt" count="4"/>
        <metrics loc="56" ncloc="53" classes="1" methods="6" coveredmethods="6" conditionals="0" coveredconditionals="0" statements="11" coveredstatements="11" elements="17" coveredelements="17"/>
      </file>
      <file name="/var/www/symfony/vendor/pgs-soft/hashid-bundle/src/ParametersProcessor/Decode.php">
        <class name="Pgs\HashIdBundle\ParametersProcessor\Decode" namespace="Pgs\HashIdBundle\ParametersProcessor">
          <metrics complexity="2" methods="1" coveredmethods="1" conditionals="0" coveredconditionals="0" statements="2" coveredstatements="2" elements="3" coveredelements="3"/>
        </class>
        <line num="9" type="method" name="processValue" visibility="protected" complexity="2" crap="2" count="1"/>
        <line num="11" type="stmt" count="1"/>
        <line num="12" type="stmt" count="1"/>
        <metrics loc="13" ncloc="13" classes="1" methods="1" coveredmethods="1" conditionals="0" coveredconditionals="0" statements="2" coveredstatements="2" elements="3" coveredelements="3"/>
      </file>
      <file name="/var/www/symfony/vendor/pgs-soft/hashid-bundle/src/ParametersProcessor/Encode.php">
        <class name="Pgs\HashIdBundle\ParametersProcessor\Encode" namespace="Pgs\HashIdBundle\ParametersProcessor">
          <metrics complexity="1" methods="1" coveredmethods="1" conditionals="0" coveredconditionals="0" statements="1" coveredstatements="1" elements="2" coveredelements="2"/>
        </class>
        <line num="9" type="method" name="processValue" visibility="protected" complexity="1" crap="1" count="2"/>
        <line num="11" type="stmt" count="2"/>
        <metrics loc="12" ncloc="12" classes="1" methods="1" coveredmethods="1" conditionals="0" coveredconditionals="0" statements="1" coveredstatements="1" elements="2" coveredelements="2"/>
      </file>
      <file name="/var/www/symfony/vendor/pgs-soft/hashid-bundle/src/ParametersProcessor/NoOp.php">
        <class name="Pgs\HashIdBundle\ParametersProcessor\NoOp" namespace="Pgs\HashIdBundle\ParametersProcessor">
          <metrics complexity="4" methods="4" coveredmethods="4" conditionals="0" coveredconditionals="0" statements="5" coveredstatements="5" elements="9" coveredelements="9"/>
        </class>
        <line num="11" type="method" name="process" visibility="public" complexity="1" crap="1" count="2"/>
        <line num="13" type="stmt" count="2"/>
        <line num="16" type="method" name="getParametersToProcess" visibility="public" complexity="1" crap="1" count="2"/>
        <line num="18" type="stmt" count="2"/>
        <line num="21" type="method" name="setParametersToProcess" visibility="public" complexity="1" crap="1" count="4"/>
        <line num="23" type="stmt" count="4"/>
        <line num="24" type="stmt" count="4"/>
        <line num="27" type="method" name="needToProcess" visibility="public" complexity="1" crap="1" count="1"/>
        <line num="29" type="stmt" count="1"/>
        <metrics loc="30" ncloc="30" classes="1" methods="4" coveredmethods="4" conditionals="0" coveredconditionals="0" statements="5" coveredstatements="5" elements="9" coveredelements="9"/>
      </file>
    </package>
    <package name="Pgs\HashIdBundle\ParametersProcessor\Factory">
      <file name="/var/www/symfony/vendor/pgs-soft/hashid-bundle/src/ParametersProcessor/Factory/AbstractParametersProcessorFactory.php">
        <class name="Pgs\HashIdBundle\ParametersProcessor\Factory\AbstractParametersProcessorFactory" namespace="Pgs\HashIdBundle\ParametersProcessor\Factory">
          <metrics complexity="3" methods="3" coveredmethods="3" conditionals="0" coveredconditionals="0" statements="4" coveredstatements="4" elements="7" coveredelements="7"/>
        </class>
        <line num="22" type="method" name="__construct" visibility="public" complexity="1" crap="1" count="5"/>
        <line num="27" type="stmt" count="5"/>
        <line num="28" type="stmt" count="5"/>
        <line num="32" type="method" name="getNoOpParametersProcessor" visibility="protected" complexity="1" crap="1" count="2"/>
        <line num="34" type="stmt" count="2"/>
        <line num="37" type="method" name="getAnnotationProvider" visibility="protected" complexity="1" crap="1" count="5"/>
        <line num="39" type="stmt" count="5"/>
        <metrics loc="41" ncloc="35" classes="1" methods="3" coveredmethods="3" conditionals="0" coveredconditionals="0" statements="4" coveredstatements="4" elements="7" coveredelements="7"/>
      </file>
      <file name="/var/www/symfony/vendor/pgs-soft/hashid-bundle/src/ParametersProcessor/Factory/DecodeParametersProcessorFactory.php">
        <class name="Pgs\HashIdBundle\ParametersProcessor\Factory\DecodeParametersProcessorFactory" namespace="Pgs\HashIdBundle\ParametersProcessor\Factory">
          <metrics complexity="5" methods="3" coveredmethods="3" conditionals="0" coveredconditionals="0" statements="7" coveredstatements="7" elements="10" coveredelements="10"/>
        </class>
        <line num="19" type="method" name="__construct" visibility="public" complexity="1" crap="1" count="2"/>
        <line num="25" type="stmt" count="2"/>
        <line num="26" type="stmt" count="2"/>
        <line num="29" type="method" name="getDecodeParametersProcessor" visibility="protected" complexity="1" crap="1" count="1"/>
        <line num="31" type="stmt" count="1"/>
        <line num="34" type="method" name="createControllerDecodeParametersProcessor" visibility="public" complexity="3" crap="3" count="2"/>
        <line num="38" type="stmt" count="2"/>
        <line num="39" type="stmt" count="1"/>
        <line num="40" type="stmt" count="1"/>
        <line num="42" type="stmt" count="2"/>
        <metrics loc="43" ncloc="39" classes="1" methods="3" coveredmethods="3" conditionals="0" coveredconditionals="0" statements="7" coveredstatements="7" elements="10" coveredelements="10"/>
      </file>
      <file name="/var/www/symfony/vendor/pgs-soft/hashid-bundle/src/ParametersProcessor/Factory/EncodeParametersProcessorFactory.php">
        <class name="Pgs\HashIdBundle\ParametersProcessor\Factory\EncodeParametersProcessorFactory" namespace="Pgs\HashIdBundle\ParametersProcessor\Factory">
          <metrics complexity="5" methods="3" coveredmethods="3" conditionals="0" coveredconditionals="0" statements="8" coveredstatements="8" elements="11" coveredelements="11"/>
        </class>
        <line num="20" type="method" name="__construct" visibility="public" complexity="1" crap="1" count="3"/>
        <line num="26" type="stmt" count="3"/>
        <line num="27" type="stmt" count="3"/>
        <line num="31" type="method" name="createRouteEncodeParametersProcessor" visibility="public" complexity="3" crap="3" count="3"/>
        <line num="33" type="stmt" count="3"/>
        <line num="36" type="stmt" count="3"/>
        <line num="37" type="stmt" count="1"/>
        <line num="38" type="stmt" count="1"/>
        <line num="40" type="stmt" count="3"/>
        <line num="43" type="method" name="getEncodeParametersProcessor" visibility="protected" complexity="1" crap="1" count="2"/>
        <line num="45" type="stmt" count="2"/>
        <metrics loc="46" ncloc="42" classes="1" methods="3" coveredmethods="3" conditionals="0" coveredconditionals="0" statements="8" coveredstatements="8" elements="11" coveredelements="11"/>
      </file>
    </package>
    <file name="/var/www/symfony/vendor/pgs-soft/hashid-bundle/src/ParametersProcessor/ParametersProcessorInterface.php">
      <metrics loc="15" ncloc="15" classes="0" methods="0" coveredmethods="0" conditionals="0" coveredconditionals="0" statements="0" coveredstatements="0" elements="0" coveredelements="0"/>
    </file>
    <package name="Pgs\HashIdBundle">
      <file name="/var/www/symfony/vendor/pgs-soft/hashid-bundle/src/PgsHashIdBundle.php">
        <class name="Pgs\HashIdBundle\PgsHashIdBundle" namespace="Pgs\HashIdBundle">
          <metrics complexity="1" methods="1" coveredmethods="1" conditionals="0" coveredconditionals="0" statements="2" coveredstatements="2" elements="3" coveredelements="3"/>
        </class>
        <line num="11" type="method" name="build" visibility="public" complexity="1" crap="1" count="2"/>
        <line num="13" type="stmt" count="2"/>
        <line num="14" type="stmt" count="2"/>
        <metrics loc="15" ncloc="15" classes="1" methods="1" coveredmethods="1" conditionals="0" coveredconditionals="0" statements="2" coveredstatements="2" elements="3" coveredelements="3"/>
      </file>
    </package>
    <package name="Pgs\HashIdBundle\Reflection">
      <file name="/var/www/symfony/vendor/pgs-soft/hashid-bundle/src/Reflection/ReflectionProvider.php">
        <class name="Pgs\HashIdBundle\Reflection\ReflectionProvider" namespace="Pgs\HashIdBundle\Reflection">
          <metrics complexity="6" methods="2" coveredmethods="2" conditionals="0" coveredconditionals="0" statements="6" coveredstatements="6" elements="8" coveredelements="8"/>
        </class>
        <line num="11" type="method" name="getMethodReflectionFromClassString" visibility="public" complexity="3" crap="3" count="3"/>
        <line num="14" type="stmt" count="3"/>
        <line num="15" type="stmt" count="1"/>
        <line num="16" type="stmt" count="1"/>
        <line num="20" type="method" name="getMethodReflectionFromObject" visibility="public" complexity="3" crap="3" count="2"/>
        <line num="23" type="stmt" count="2"/>
        <line num="24" type="stmt" count="1"/>
        <line num="25" type="stmt" count="1"/>
        <metrics loc="27" ncloc="27" classes="1" methods="2" coveredmethods="2" conditionals="0" coveredconditionals="0" statements="6" coveredstatements="6" elements="8" coveredelements="8"/>
      </file>
    </package>
    <package name="Pgs\HashIdBundle\Service">
      <file name="/var/www/symfony/vendor/pgs-soft/hashid-bundle/src/Service/DecodeControllerParameters.php">
        <class name="Pgs\HashIdBundle\Service\DecodeControllerParameters" namespace="Pgs\HashIdBundle\Service">
          <metrics complexity="10" methods="7" coveredmethods="7" conditionals="0" coveredconditionals="0" statements="14" coveredstatements="14" elements="21" coveredelements="21"/>
        </class>
        <line num="18" type="method" name="__construct" visibility="public" complexity="1" crap="1" count="2"/>
        <line num="20" type="stmt" count="2"/>
        <line num="23" type="method" name="decodeControllerParameters" visibility="public" complexity="1" crap="1" count="2"/>
        <line num="25" type="stmt" count="2"/>
        <line num="26" type="stmt" count="2"/>
        <line num="27" type="stmt" count="2"/>
        <line num="28" type="stmt" count="2"/>
        <line num="31" type="method" name="processRequestParameters" visibility="protected" complexity="2" crap="2" count="2"/>
        <line num="33" type="stmt" count="2"/>
        <line num="34" type="stmt" count="2"/>
        <line num="35" type="stmt" count="2"/>
        <line num="36" type="stmt" count="2"/>
        <line num="40" type="method" name="processRequestParametersWithParamConverter" visibility="protected" complexity="2" crap="2" count="2"/>
        <line num="42" type="stmt" count="2"/>
        <line num="43" type="stmt" count="1"/>
        <line num="47" type="method" name="getParametersProcessorFactory" visibility="public" complexity="1" crap="1" count="2"/>
        <line num="49" type="stmt" count="2"/>
        <line num="52" type="method" name="getParamConverterListener" visibility="public" complexity="2" crap="2" count="2"/>
        <line num="54" type="stmt" count="2"/>
        <line num="57" type="method" name="setParamConverterListener" visibility="public" complexity="1" crap="1" count="1"/>
        <line num="59" type="stmt" count="1"/>
        <metrics loc="61" ncloc="61" classes="1" methods="7" coveredmethods="7" conditionals="0" coveredconditionals="0" statements="14" coveredstatements="14" elements="21" coveredelements="21"/>
      </file>
    </package>
    <package name="Pgs\HashIdBundle\Traits">
      <file name="/var/www/symfony/vendor/pgs-soft/hashid-bundle/src/Traits/DecoratorTrait.php">
        <class name="DecoratorTrait" namespace="Pgs\HashIdBundle\Traits">
          <metrics complexity="2" methods="1" coveredmethods="1" conditionals="0" coveredconditionals="0" statements="3" coveredstatements="3" elements="4" coveredelements="4"/>
        </class>
        <line num="16" type="method" name="__call" visibility="public" complexity="2" crap="2" count="2"/>
        <line num="18" type="stmt" count="2"/>
        <line num="19" type="stmt" count="1"/>
        <line num="22" type="stmt" count="1"/>
        <metrics loc="23" ncloc="17" classes="1" methods="1" coveredmethods="1" conditionals="0" coveredconditionals="0" statements="3" coveredstatements="3" elements="4" coveredelements="4"/>
      </file>
    </package>
    <metrics files="24" loc="708" ncloc="665" classes="18" methods="49" coveredmethods="49" conditionals="0" coveredconditionals="0" statements="116" coveredstatements="116" elements="165" coveredelements="165"/>
  </project>
</coverage>
